> lc.seurat <- make.object.spatial(data.name = "lc", data.dir = "./filtered_feature_bc_matrix/", h5.filename = "CytAssist_FFPE_Human_Lung_Squamous_Cell_Carcinoma_filtered_feature_bc_matrix.h5")
setting percent.mt =  5 
1/3) loading data... done 
2/3) preparing the spatial Seurat object... Warning: The default method for RunUMAP has changed from calling Python UMAP via reticulate to the R-native UWOT using the cosine metric
To use Python UMAP via reticulate, set umap.method to 'umap-learn' and metric to 'correlation'
This message will be shown once per session
done 
3/3) exporting the Seurat spatial object... done 
> lc.out <- matricom.spatial(seurat.obj = lc.seurat, group.column = "seurat_clusters")
(1/9) loading matRicom objects... done 
(2/9) evaluating active matrisome genes in cells... done 
(3/9) evaluating matrisome receptor genes in target population(s)... done 
(4/9) extracting potential matrisome ligands based on receptors... done 
(5/9) creating population-specific response geneset(s)... done 
(6/9) testing potential ligand(s) against response genesets (clipping of ligands might occurr if > max.ligands)... done 
(7/9) forming triplets (clipping of targets might occurr if > max.targets)... done 
(8/9) finding explainable paths... done 
(9/9) scaling the results to [0,1] and annotating... done 
> write.csv(lc.out, file="lc.csv", row.names = F, quote = F)
> 
> flowgraph(result.obj = lc.out)
> netgraph(result.obj = lc.out)
no population chosen, picking a random one 
no ECM component chosen, picking a random one 
> 