> bm10k.seurat <- make.object(data.name = "bm10k", data.dir = "./raw_feature_bc_matrix/")
setting min.cells =  3 
setting min.features =  200 
setting percent.mt =  5 
1/3) loading data... 10X data contains more than one type and is being returned as a list containing matrices of each type.
done 
Error in CreateAssayObject(counts = counts, min.cells = min.cells, min.features = min.features,  : 
  No cell names (colnames) names present in the input matrix
> bm10k.seurat <- make.object(data.name = "bm10k", data.dir = "./raw_feature_bc_matrix/", data.multiple = T)
setting min.cells =  3 
setting min.features =  200 
setting percent.mt =  5 
1/3) loading data... 10X data contains more than one type and is being returned as a list containing matrices of each type.
done 
2/3) preparing the Seurat object... done 
3/3) exporting the Seurat object... done 
> bm10k.out <- matricom(seurat.obj = bm10k.seurat, group.column = "seurat_clusters")
(1/9) loading matRicom objects... done 
(2/9) evaluating active matrisome genes in cells... done 
(3/9) evaluating matrisome receptor genes in target population(s)... done 
(4/9) extracting potential matrisome ligands based on receptors... done 
(5/9) creating population-specific response geneset(s)...done 
(6/9) testing potential ligand(s) against response genesets (clipping of ligands might occurr if > max.ligands)... done 
(7/9) forming triplets (clipping of targets might occurr if > max.targets)... done 
(8/9) finding explainable paths... done 
(9/9) scaling the results to [0,1] and annotating... done 
 
> write.csv(bm10k.out, file="bm10k.csv", row.names = F, quote = F)
> flowgraph(result.obj = bm10k.out)
> netgraph(result.obj = bm10k.out)
no population chosen, picking a random one 
no ECM component chosen, picking a random one 
> annograph(result.obj = bm10k.out)
