> mmusSPLv2.seurat <- make.object(data.name = "mmusSPLv2", data.dir = "./raw_feature_bc_matrix/", dirty.trick = T)
setting min.cells =  3 
setting min.features =  200 
setting percent.mt =  5 
1/3) loading data...  applying dirty trick for non-human data done 
2/3) preparing the Seurat object, mitochondrial removal for non-human data might fail... 2/3) preparing the Seurat object... done 
3/3) exporting the Seurat object... done 
> mmusSPLv2.out <- matricom(seurat.obj = mmusSPLv2.seurat, group.column = "seurat_clusters")
(1/9) loading matRicom objects... done 
(2/9) evaluating active matrisome genes in cells... done 
(3/9) evaluating matrisome receptor genes in target population(s)... done 
(4/9) extracting potential matrisome ligands based on receptors... done 
(5/9) creating population-specific response geneset(s)...done 
(6/9) testing potential ligand(s) against response genesets (clipping of ligands might occurr if > max.ligands)... done 
(7/9) forming triplets (clipping of targets might occurr if > max.targets)... done 
(8/9) finding explainable paths... done 
(9/9) scaling the results to [0,1] and annotating... done 
 
> write.csv(mmusSPLv2.out, file="pbmc20k.csv", row.names = F, quote = F)
> flowgraph(result.obj = mmusSPLv2.out)
> netgraph(result.obj = mmusSPLv2.out)
no population chosen, picking a random one 
no ECM component chosen, picking a random one 
> annograph(result.obj = mmusSPLv2.out)
