> mmusBRAIN1.seurat <- make.object.spatial(data.name = "mmusBRAIN1", data.dir = "./filtered_feature_bc_matrix/", h5.filename = "CytAssist_FFPE_Mouse_Brain_Rep1_filtered_feature_bc_matrix.h5")
setting percent.mt =  5 
1/3) loading data... done 
2/3) preparing the spatial Seurat object... done 
3/3) exporting the Seurat spatial object... done 
> mmusBRAIN1.seurat <- make.object.spatial(data.name = "mmusBRAIN1", data.dir = "./filtered_feature_bc_matrix/", h5.filename = "CytAssist_FFPE_Mouse_Brain_Rep1_filtered_feature_bc_matrix.h5", dirty.trick = T)
setting percent.mt =  5 
1/3) loading data... done 
2/3) preparing the spatial Seurat object, mitochondrial removal for non-human data might fail... done 
3/3) exporting the Seurat spatial object... done 
> mmusBRAIN1.out <- matricom.spatial(seurat.obj = mmusBRAIN1.seurat, group.column = "seurat_clusters")
(1/9) loading matRicom objects... done 
(2/9) evaluating active matrisome genes in cells... done 
(3/9) evaluating matrisome receptor genes in target population(s)... done 
(4/9) extracting potential matrisome ligands based on receptors... done 
(5/9) creating population-specific response geneset(s)... done 
(6/9) testing potential ligand(s) against response genesets (clipping of ligands might occurr if > max.ligands)... done 
(7/9) forming triplets (clipping of targets might occurr if > max.targets)... done 
(8/9) finding explainable paths... done 
(9/9) scaling the results to [0,1] and annotating... done 
> flowgraph(result.obj = mmusBRAIN1.out)
> netgraph(result.obj = mmusBRAIN1.out)
no population chosen, picking a random one 
no ECM component chosen, picking a random one 
> annograph(result.obj = mmusBRAIN1.out)
> write.csv(mmusBRAIN1.out, file="mmusBRAIN1.csv", row.names = F, quote = F)
